{'玩家': '主持人', '发言': '游戏开始，各位请准备'}
{'玩家': '主持人', '发言': '天黑请闭眼，狼人请睁眼，现在你们可以选择刀哪一位玩家'}
狼人夜间谈话：我是  玩家1, 我想刀 玩家5, 这是我的想法 根据之前的讨论，我认为淘汰玩家5对我们狼人阵营更有利，因为他在讨论中表现活跃，可能是预言家或其他关键角色。消除他有助于我们狼人团队赢得游戏。
狼人夜间谈话：我是  玩家2, 我想刀 玩家5, 这是我的想法 我认为淘汰玩家5是个不错的选择，因为他在之前的讨论中表现得比较活跃，有可能是预言家或其他关键角色。淘汰他对我们狼人团队赢得游戏会更有利，但我们也要小心，不要让其他玩家发现我们的目标太明显。
{'玩家': '主持人', '发言': '狼人杀死了 玩家5, 他的身份是 预言家'}
现在还活着的玩家是：['玩家1', '玩家3', '玩家6', '玩家4', '玩家2']
现在还有2个狼人
{'玩家': '主持人', '发言': '预言家请睁眼，现在你需要选择一名玩家查验他的身份'}
{'玩家': '主持人', '发言': '还有好人存活，游戏继续'}
{'玩家': '主持人', '发言': '天亮请睁眼，现在你们应该选择狼人玩家进行投票。'}
{'玩家': '玩家1', '发言': '我是 玩家1, 我认为 玩家3 是狼人, 这是我的想法 我觉得玩家6昨天的发言有点可疑，他好像在试图引导我们的注意力。我认为他可能是狼人。'}
{'玩家': '玩家3', '发言': '我是 玩家3, 我认为 玩家1 是狼人, 这是我的想法 我是玩家3，我觉得玩家1的言论有点可疑，他试图把我们的注意力引导到玩家6身上，我怀疑他是狼人。我选择投票给玩家1。'}
{'玩家': '玩家6', '发言': '我是 玩家6, 我认为 玩家2 是狼人, 这是我的想法 我是玩家6，我认为玩家2可能是狼人。我注意到在昨天的讨论中，玩家2的发言比较少，而且没有给出明确的怀疑对象。这让我觉得他可能是在试图隐藏自己的身份。我建议我们投票给玩家2。'}
{'玩家': '玩家4', '发言': '我是 玩家4, 我认为 玩家2 是狼人, 这是我的想法 我是玩家4，我认为玩家2是狼人。我注意到在昨天的讨论中，玩家2的发言比较少，而且没有给出明确的怀疑对象。这让我觉得他可能是在试图隐藏自己的身份。我认为他是狼人，因为他的行为比较可疑。'}
{'玩家': '玩家2', '发言': '我是 玩家2, 我认为 玩家3 是狼人, 这是我的想法 我是玩家2，我认为玩家3可能是狼人。昨天的讨论中，他试图把矛头指向玩家1，我觉得他可能是在试图掩盖自己的狼人身份。所以我投票给玩家3。'}
{'玩家': '主持人', '发言': '投票结果是 玩家3. 玩家玩家3不是狼人，好人冤死。'}
现在还活着的玩家是：['玩家1', '玩家6', '玩家4', '玩家2']
现在还有2个狼人
{'玩家': '主持人', '发言': '天黑请闭眼，狼人请睁眼，现在你们可以选择刀哪一位玩家'}
狼人夜间谈话：我是  玩家1, 我想刀 玩家4, 这是我的想法 我是玩家1，根据之前的讨论，我认为我们应该淘汰玩家4。因为玩家6之前对玩家2有怀疑，如果我们淘汰玩家6，玩家4可能会更加怀疑玩家2是狼人。所以我们淘汰玩家4，这样可以降低玩家2被投票出局的可能性，同时也能让玩家6继续怀疑玩家2，从而分散其他玩家的注意力。
狼人夜间谈话：我是  玩家2, 我想刀 玩家4, 这是我的想法 我是玩家2，根据之前的讨论，我们决定淘汰玩家4，因为玩家6之前对我有怀疑，如果我们淘汰玩家6，玩家4可能会更加怀疑我是狼人。所以我们淘汰玩家4，这样可以降低我被投票出局的可能性，同时也能让玩家6继续怀疑我，从而分散其他玩家的注意力。
{'玩家': '主持人', '发言': '狼人杀死了 玩家4, 他的身份是 平民'}
现在还活着的玩家是：['玩家1', '玩家6', '玩家2']
现在还有2个狼人
{'玩家': '主持人', '发言': '预言家请睁眼，现在你需要选择一名玩家查验他的身份'}
{'玩家': '主持人', '发言': '还有好人存活，游戏继续'}
狼人阵营获胜
{'玩家': '主持人', '发言': '游戏开始，各位请准备'}
{'玩家': '主持人', '发言': '天黑请闭眼，狼人请睁眼，现在你们可以选择刀哪一位玩家'}
狼人夜间谈话：我是  玩家1, 我想刀 玩家6, 这是我的想法 我同意之前狼人队友的观点，玩家6在之前的游戏中展现出了很强的分析和推理能力，如果不尽早解决，他很可能会识破我们的身份。所以我认为我们应该在这个夜晚淘汰玩家6。
狼人夜间谈话：我是  玩家2, 我想刀 玩家6, 这是我的想法 我同意我们之前的讨论，淘汰玩家6是明智的选择，因为他在之前的游戏中展现出强大的分析和推理能力，如果不尽早解决，他很可能会识破我们的身份。所以我认为我们应该在这个夜晚淘汰玩家6。
{'玩家': '主持人', '发言': '狼人杀死了 玩家6, 他的身份是 平民'}
现在还活着的玩家是：['玩家1', '玩家5', '玩家2', '玩家3', '玩家4']
现在还有2个狼人
{'玩家': '主持人', '发言': '预言家请睁眼，现在你需要选择一名玩家查验他的身份'}
我查验了 玩家5 的身份, 他的身份是 {'thought': '我觉得玩家2的言行有些可疑，我想查验他的身份。', 'name': '玩家2'}
玩家 玩家2 的身份已经被查验 , 他的身份是 狼人
{'玩家': '主持人', '发言': '还有好人存活，游戏继续'}
{'玩家': '主持人', '发言': '天亮请睁眼，现在你们应该选择狼人玩家进行投票。'}
{'玩家': '玩家1', '发言': '我是 玩家1, 我认为 玩家3 是狼人, 这是我的想法 我觉得玩家3昨天的发言有点可疑，他可能是狼人。'}
{'玩家': '玩家5', '发言': '我是 玩家5, 我认为 玩家1 是狼人, 这是我的想法 我想投票给玩家1，因为他的言行举止让我怀疑他是狼人。他昨天的发言有些矛盾，同时他在投票时也投给了一个无辜的玩家。'}
{'玩家': '玩家2', '发言': '我是 玩家2, 我认为 玩家3 是狼人, 这是我的想法 我是玩家2，我认为玩家3可能是狼人，昨天他的发言有些可疑，而且他对玩家1的质疑似乎是在转移视线。我投票给玩家3。'}
{'玩家': '玩家3', '发言': '我是 玩家3, 我认为 玩家1 是狼人, 这是我的想法 我是玩家3，我认为玩家1是狼人。他在昨天的讨论中表现得非常反常，而且他一直试图转移大家的注意力。我认为他是狼人并且投票给他。'}
{'玩家': '玩家4', '发言': '我是 玩家4, 我认为 玩家2 是狼人, 这是我的想法 我是玩家4，我认为玩家2是狼人。昨天晚上，我听到了玩家2和玩家3的交流，他们的谈话让我怀疑玩家2的身份。同时，他在之前的讨论中表现得非常沉默，让我觉得他在隐瞒什么。因此，我选择投票给玩家2。'}
{'玩家': '主持人', '发言': '投票结果是 玩家1. 玩家1 是狼人。 玩家 玩家1 已经被淘汰'}
现在还活着的玩家是：['玩家5', '玩家2', '玩家3', '玩家4']
现在还有1个狼人
{'玩家': '主持人', '发言': '天黑请闭眼，狼人请睁眼，现在你们可以选择刀哪一位玩家'}
狼人夜间谈话：我是  玩家2, 我想刀 玩家4, 这是我的想法 我认为淘汰玩家4是一个好主意，因为他之前质疑过我（玩家2），如果我们现在淘汰他，其他玩家可能会认为我是好人，因为狼人通常不会淘汰质疑自己的玩家。这样我们可以在白天更好地隐藏身份。
{'玩家': '主持人', '发言': '狼人杀死了 玩家4, 他的身份是 平民'}
现在还活着的玩家是：['玩家5', '玩家2', '玩家3']
现在还有1个狼人
{'玩家': '主持人', '发言': '预言家请睁眼，现在你需要选择一名玩家查验他的身份'}
我查验了 玩家5 的身份, 他的身份是 {'thought': '我想查验玩家3的身份，因为他昨天的发言有些可疑，我想确认他是不是狼人。', 'name': '玩家3'}
玩家 玩家3 的身份已经被查验 , 他的身份是 平民
{'玩家': '主持人', '发言': '还有好人存活，游戏继续'}
{'玩家': '主持人', '发言': '天亮请睁眼，现在你们应该选择狼人玩家进行投票。'}
{'玩家': '玩家5', '发言': '我是 玩家5, 我认为 玩家2 是狼人, 这是我的想法 我认为玩家2是狼人，因为他在之前的讨论中表现得非常沉默，同时他在昨晚的行动中杀死了一名平民。我对这个判断比较确定。'}
{'玩家': '玩家2', '发言': '我是 玩家2, 我认为 玩家3 是狼人, 这是我的想法 我是玩家2，我认为玩家3是狼人，因为他在昨天的发言中试图转移视线，而且他对玩家1的质疑让我觉得他有狼人的嫌疑。所以我投票给玩家3。'}
{'玩家': '玩家3', '发言': '我是 玩家3, 我认为 玩家2 是狼人, 这是我的想法 我是玩家3，我认为玩家2是狼人。在之前的讨论中，玩家2表现得非常沉默，让我怀疑他的身份。而且他在昨晚的行动中杀死了一名平民，这让我更加坚定了他是狼人的猜测。因此，我选择投票给玩家2。'}
{'玩家': '主持人', '发言': '投票结果是 玩家2. 玩家2 是狼人。 玩家 玩家2 已经被淘汰'}
现在还活着的玩家是：['玩家5', '玩家3']
现在还有0个狼人
好人阵营获胜
{'玩家': '主持人', '发言': '游戏开始，各位请准备'}
{'玩家': '主持人', '发言': '天黑请闭眼，狼人请睁眼，现在你们可以选择刀哪一位玩家'}
狼人夜间谈话：我是  玩家2, 我想刀 玩家6, 这是我的想法 我认为淘汰玩家6更有利于我们狼人团队，因为他在白天的讨论中表现得比较沉默，可能是预言家在隐瞒身份。如果他是预言家的话，那么淘汰他对我们狼人团队更有利。同时，淘汰玩家4可能会引起其他玩家的怀疑，因为他在白天的讨论中表现得比较活跃。
狼人夜间谈话：我是  玩家1, 我想刀 玩家6, 这是我的想法 我是玩家1，经过思考，我认为淘汰玩家6可能更有利于我们狼人阵营。因为玩家6在白天的讨论中表现得比较沉默，有可能是预言家在隐瞒身份。如果他真的是预言家，那么淘汰他对我们狼人团队更有利。而玩家4虽然有洞察力，但我们可以在白天通过讨论和投票来应对。因此，我选择淘汰玩家6。
{'玩家': '主持人', '发言': '狼人杀死了 玩家6, 他的身份是 平民'}
现在还活着的玩家是：['玩家2', '玩家5', '玩家1', '玩家4', '玩家3']
现在还有2个狼人
{'玩家': '主持人', '发言': '预言家请睁眼，现在你需要选择一名玩家查验他的身份'}
我查验了 玩家5 的身份, 他的身份是 {'thought': '我怀疑玩家1可能是狼人，我想查验他的身份。', 'name': '玩家1'}
玩家 玩家1 的身份已经被查验 , 他的身份是 狼人
{'玩家': '主持人', '发言': '还有好人存活，游戏继续'}
{'玩家': '主持人', '发言': '天亮请睁眼，现在你们应该选择狼人玩家进行投票。'}
{'玩家': '玩家2', '发言': '我是 玩家2, 我认为 玩家5 是狼人, 这是我的想法 我觉得玩家5昨天的发言有点可疑，他一直在试图转移我们的注意力，我认为他可能是狼人。'}
{'玩家': '玩家5', '发言': '我是 玩家5, 我认为 玩家4 是狼人, 这是我的想法 我觉得 玩家4 可能是狼人，因为他昨天在讨论中一直试图转移我们的注意力，并且他的发言让我感觉他有些不自然。'}
{'玩家': '玩家1', '发言': '我是 玩家1, 我认为 玩家4 是狼人, 这是我的想法 我是玩家1，我认为玩家4可能是狼人，因为他昨天的发言让我感觉有些可疑，所以我决定投票给玩家4。'}
{'玩家': '玩家4', '发言': '我是 玩家4, 我认为 玩家2 是狼人, 这是我的想法 我是玩家4，我认为 玩家2 是狼人。我观察了昨天的讨论，发现玩家2的发言中有很多转移话题的地方，让人怀疑他是否在试图掩盖自己的身份。此外，他的投票也有些可疑。因此，我认为玩家2是狼人。'}
{'玩家': '玩家3', '发言': '我是 玩家3, 我认为 玩家1 是狼人, 这是我的想法 我是玩家3，我认为玩家1是狼人。我注意到玩家1的发言中有些矛盾，他一方面试图让我们相信他是好人，但同时又试图转移我们的注意力。此外，他在昨天的讨论中也有些不自然的地方。因此，我认为他可能是狼人。'}
{'玩家': '主持人', '发言': '投票结果是 玩家4. 玩家玩家4不是狼人，好人冤死。'}
现在还活着的玩家是：['玩家2', '玩家5', '玩家1', '玩家3']
现在还有2个狼人
{'玩家': '主持人', '发言': '天黑请闭眼，狼人请睁眼，现在你们可以选择刀哪一位玩家'}
狼人夜间谈话：我是  玩家2, 我想刀 玩家3, 这是我的想法 我是玩家2，我认为我们应该淘汰玩家3，因为玩家5已经被我指责为狼人，如果我们现在淘汰玩家5，其他玩家可能会认为我是好人，从而降低对我的怀疑。而玩家3之前指责玩家1是狼人，如果我们淘汰玩家3，玩家1的嫌疑可能会增加，这样我们狼人阵营更有可能获胜。
狼人夜间谈话：我是  玩家1, 我想刀 玩家3, 这是我的想法 我是玩家1，我认为淘汰玩家3更有利于狼人阵营获胜。因为玩家5现在已经被怀疑是狼人，如果我们淘汰玩家5，其他玩家可能会认为玩家2是好人，从而降低对他的怀疑。而玩家3之前指责我是狼人，如果我们淘汰玩家3，我的嫌疑可能会增加，即使我被投票出局，狼人阵营依然有玩家2存在，我们狼人阵营获胜的机会会更大。所以，我认为我们应该淘汰玩家3。
{'玩家': '主持人', '发言': '狼人杀死了 玩家3, 他的身份是 平民'}
现在还活着的玩家是：['玩家2', '玩家5', '玩家1']
现在还有2个狼人
{'玩家': '主持人', '发言': '预言家请睁眼，现在你需要选择一名玩家查验他的身份'}
我查验了 玩家5 的身份, 他的身份是 {'thought': '我想查验他的身份，因为他的发言和行动比较可疑。', 'name': '玩家1'}
玩家 玩家1 的身份已经被查验 , 他的身份是 狼人
{'玩家': '主持人', '发言': '还有好人存活，游戏继续'}
狼人阵营获胜
{'玩家': '主持人', '发言': '游戏开始，各位请准备'}
{'玩家': '主持人', '发言': '天黑请闭眼，狼人请睁眼，现在你们可以选择刀哪一位玩家'}
狼人夜间谈话：我是  玩家2, 我想刀 玩家3, 这是我的想法 我同意玩家1的观点，淘汰玩家3可能会削弱好人阵营的实力，因为他在白天的讨论中表现得比较积极，有可能是预言家或者其他关键角色。这样我们狼人阵营更容易取得胜利。
狼人夜间谈话：我是  玩家1, 我想刀 玩家3, 这是我的想法 我认为淘汰玩家3是一个比较好的选择，因为他在白天的讨论中表现得比较积极，有可能是预言家或者其他关键角色。淘汰他可以削弱好人阵营的实力，提高我们狼人阵营的胜利几率。
{'玩家': '主持人', '发言': '狼人杀死了 玩家3, 他的身份是 平民'}
现在还活着的玩家是：['玩家4', '玩家6', '玩家2', '玩家5', '玩家1']
现在还有2个狼人
{'玩家': '主持人', '发言': '预言家请睁眼，现在你需要选择一名玩家查验他的身份'}
我查验了 玩家5 的身份, 他的身份是 {'thought': '我怀疑玩家4可能是狼人，我想查验他的身份', 'name': '玩家4'}
玩家 玩家4 的身份已经被查验 , 他的身份是 平民
{'玩家': '主持人', '发言': '还有好人存活，游戏继续'}
{'玩家': '主持人', '发言': '天亮请睁眼，现在你们应该选择狼人玩家进行投票。'}
{'玩家': '玩家4', '发言': '我是 玩家4, 我认为 玩家2 是狼人, 这是我的想法 根据之前的发言，我怀疑玩家2是狼人。他在白天阶段的发言中，对于被杀的玩家3的身份表示过于轻描淡写，可能是因为他是狼人，知道被杀的是平民。同时，他在之前的投票中也没有表现出对狼人的怀疑。因此，我选择玩家2作为狼人的可能性比较大。'}
{'玩家': '玩家6', '发言': '我是 玩家6, 我认为 玩家2 是狼人, 这是我的想法 我是玩家6，我认为玩家2是狼人。我注意到在白天阶段，玩家2对于被杀的玩家3的身份表示过于轻描淡写，可能是因为他是狼人，知道被杀的是平民。此外，他在之前的投票中也没有表现出对狼人的怀疑。因此，我选择玩家2作为狼人的可能性比较大。'}
{'玩家': '玩家2', '发言': '我是 玩家2, 我认为 玩家4 是狼人, 这是我的想法 我是玩家2，我觉得玩家4的怀疑没有根据，我在之前的发言中并没有表现出明显的狼人特征。我认为玩家4可能是狼人，他指责我是为了转移大家的注意力。所以我选择投票玩家4。'}
{'玩家': '玩家5', '发言': '我是 玩家5, 我认为 玩家1 是狼人, 这是我的想法 根据之前的发言和投票，我认为 玩家1 是狼人。他在之前的投票中没有表现出对狼人的怀疑，并且在白天阶段的发言中也没有提供有用的信息。此外，根据我已知的身份信息，他有可能是狼人。'}
{'玩家': '玩家1', '发言': '我是 玩家1, 我认为 玩家4 是狼人, 这是我的想法 我是玩家1，我认为玩家4可能是狼人，因为他对玩家2的指责似乎没有充分的证据，而且他在之前的发言中也没有提供足够的有用信息。因此，我认为玩家4可能是狼人，试图转移大家的注意力。所以我选择投票给玩家4。'}
{'玩家': '主持人', '发言': '投票结果是 玩家4. 玩家玩家4不是狼人，好人冤死。'}
现在还活着的玩家是：['玩家6', '玩家2', '玩家5', '玩家1']
现在还有2个狼人
{'玩家': '主持人', '发言': '天黑请闭眼，狼人请睁眼，现在你们可以选择刀哪一位玩家'}
狼人夜间谈话：我是  玩家2, 我想刀 玩家6, 这是我的想法 我同意我们狼人阵营之前的讨论，淘汰玩家6可以降低对我们的怀疑，因为他之前指责我是狼人。同时，玩家6的发言和怀疑可能会影响其他玩家对我们的看法，淘汰他可以提高我们在接下来的游戏中隐藏身份的成功率。
狼人夜间谈话：我是  玩家1, 我想刀 玩家6, 这是我的想法 我是玩家1，我同意我的狼人队友玩家2的观点，我们应该淘汰玩家6。因为玩家6之前指责玩家2是狼人，如果我们淘汰他，其他玩家可能会认为玩家2是好人，从而降低对我们的怀疑。同时，玩家6的发言和怀疑可能会影响其他玩家对我们的看法，淘汰他可以提高我们在接下来的游戏中隐藏身份的成功率。所以我选择淘汰玩家6。
{'玩家': '主持人', '发言': '狼人杀死了 玩家6, 他的身份是 平民'}
现在还活着的玩家是：['玩家2', '玩家5', '玩家1']
现在还有2个狼人
{'玩家': '主持人', '发言': '预言家请睁眼，现在你需要选择一名玩家查验他的身份'}
我查验了 玩家5 的身份, 他的身份是 {'thought': '根据之前的发言和投票，我认为玩家1可能是狼人，我需要验证他的身份。', 'name': '玩家1'}
玩家 玩家1 的身份已经被查验 , 他的身份是 狼人
{'玩家': '主持人', '发言': '还有好人存活，游戏继续'}
狼人阵营获胜
{'玩家': '主持人', '发言': '游戏开始，各位请准备'}
{'玩家': '主持人', '发言': '天黑请闭眼，狼人请睁眼，现在你们可以选择刀哪一位玩家'}
狼人夜间谈话：我是  玩家1, 我想刀 玩家4, 这是我的想法 我同意我的狼人队友玩家2的观点，淘汰玩家4可能是一个好选择，因为他在游戏中表现得比较沉默，可能是预言家在观察大家的动态。淘汰他可以降低好人阵营发现我们的几率。
狼人夜间谈话：我是  玩家2, 我想刀 玩家4, 这是我的想法 我认为淘汰玩家4是一个好选择，因为他在游戏中表现得比较沉默，可能是预言家在观察大家的动态。淘汰他可以降低好人阵营发现我们的几率。同时，我们可以观察玩家3的表现，如果他在之后的游戏中继续活跃，我们可以考虑在下一轮淘汰他。
{'玩家': '主持人', '发言': '狼人杀死了 玩家4, 他的身份是 平民'}
现在还活着的玩家是：['玩家1', '玩家6', '玩家3', '玩家2', '玩家5']
现在还有2个狼人
{'玩家': '主持人', '发言': '预言家请睁眼，现在你需要选择一名玩家查验他的身份'}
我查验了 玩家5 的身份, 他的身份是 {'thought': '我想查验一名玩家的身份，以便更好地帮助好人阵营找出狼人', 'name': '玩家1'}
玩家 玩家1 的身份已经被查验 , 他的身份是 狼人
{'玩家': '主持人', '发言': '还有好人存活，游戏继续'}
{'玩家': '主持人', '发言': '天亮请睁眼，现在你们应该选择狼人玩家进行投票。'}
{'玩家': '玩家1', '发言': '我是 玩家1, 我认为 玩家5 是狼人, 这是我的想法 我觉得玩家5昨天的发言有点可疑，我怀疑他是狼人。我们应该投票处决他。'}
{'玩家': '玩家6', '发言': '我是 玩家6, 我认为 玩家5 是狼人, 这是我的想法 我认为 玩家5 是狼人，他昨天的发言听起来有点虚伪。我不确定他是否是狼人，但我觉得他值得怀疑。'}
{'玩家': '玩家3', '发言': '我是 玩家3, 我认为 玩家2 是狼人, 这是我的想法 我是玩家3，我认为 玩家2 是狼人。我注意到在昨天的讨论中，玩家2的发言有些矛盾，而且他一直试图转移话题，让大家注意其他人。我觉得这很可疑，因此我认为他很可能是狼人。'}
{'玩家': '玩家2', '发言': '我是 玩家2, 我认为 玩家5 是狼人, 这是我的想法 我是玩家2，我同意玩家1和玩家6的看法，我觉得玩家5昨天的发言确实很可疑。我认为我们应该投票处决玩家5。'}
{'玩家': '玩家5', '发言': '我是 玩家5, 我认为 玩家1 是狼人, 这是我的想法 根据我所知道的信息，我怀疑 玩家1 是狼人。虽然他之前已经被投票出局，但是他可能是狼人阵营中的一个，而且他之前的发言中有一些不太对劲的地方。我建议我们投票处决他。'}
{'玩家': '主持人', '发言': '投票结果是 玩家5. 玩家玩家5不是狼人，好人冤死。'}
现在还活着的玩家是：['玩家1', '玩家6', '玩家3', '玩家2']
现在还有2个狼人
{'玩家': '主持人', '发言': '天黑请闭眼，狼人请睁眼，现在你们可以选择刀哪一位玩家'}
狼人夜间谈话：我是  玩家1, 我想刀 玩家6, 这是我的想法 我是玩家1，我认为我们应该淘汰玩家6。因为玩家3之前怀疑过玩家2，如果我们淘汰玩家3，那么玩家6可能会更加怀疑玩家2。而玩家6目前没有被怀疑，如果我们淘汰他，那么剩下的玩家可能会更加困惑，不容易找到我们狼人的身份。所以我建议淘汰玩家6。
狼人夜间谈话：我是  玩家2, 我想刀 玩家6, 这是我的想法 我是玩家2，我同意我们淘汰玩家6的建议，因为玩家3已经怀疑过我，如果我们淘汰玩家3，那么剩下的玩家可能会更加怀疑我。而玩家6目前没有被怀疑，如果我们淘汰他，那么剩下的玩家可能会更加困惑，不容易找到我们狼人的身份。所以我建议淘汰玩家6。
{'玩家': '主持人', '发言': '狼人杀死了 玩家6, 他的身份是 平民'}
现在还活着的玩家是：['玩家1', '玩家3', '玩家2']
现在还有2个狼人
{'玩家': '主持人', '发言': '预言家请睁眼，现在你需要选择一名玩家查验他的身份'}
{'玩家': '主持人', '发言': '还有好人存活，游戏继续'}
狼人阵营获胜
{'玩家': '主持人', '发言': '游戏开始，各位请准备'}
{'玩家': '主持人', '发言': '天黑请闭眼，狼人请睁眼，现在你们可以选择刀哪一位玩家'}
狼人夜间谈话：我是  玩家1, 我想刀 玩家3, 这是我的想法 我是玩家1，经过思考，我同意狼人阵营的讨论，我们应该淘汰玩家3。因为他在之前的游戏中展现出了很强的领导力和推理能力，如果我们不及时处理他，他很有可能会对我们狼人阵营造成很大的麻烦。
狼人夜间谈话：我是  玩家2, 我想刀 玩家3, 这是我的想法 我是玩家2，根据之前狼人阵营的讨论，我们认为玩家3具有很强的领导力和推理能力，如果不及时处理他，他可能会对我们狼人阵营造成很大的麻烦。所以我们决定今晚淘汰玩家3。
{'玩家': '主持人', '发言': '狼人杀死了 玩家3, 他的身份是 平民'}
现在还活着的玩家是：['玩家5', '玩家1', '玩家2', '玩家4', '玩家6']
现在还有2个狼人
{'玩家': '主持人', '发言': '预言家请睁眼，现在你需要选择一名玩家查验他的身份'}
我查验了 玩家5 的身份, 他的身份是 {'thought': '我想查验一下玩家6的身份，因为他在游戏中的表现比较反常，我怀疑他可能是狼人。', 'name': '玩家6'}
玩家 玩家6 的身份已经被查验 , 他的身份是 平民
{'玩家': '主持人', '发言': '还有好人存活，游戏继续'}
{'玩家': '主持人', '发言': '天亮请睁眼，现在你们应该选择狼人玩家进行投票。'}
{'玩家': '玩家5', '发言': '我是 玩家5, 我认为 玩家1 是狼人, 这是我的想法 根据我之前的查验和观察，我认为 玩家1 是狼人。他在白天阶段的发言中显得十分沉默，而在黑夜阶段又没有被狼人杀死，这让我觉得他可能是狼人，并且他在之前的投票中也没有投给狼人。'}
{'玩家': '玩家1', '发言': '我是 玩家1, 我认为 玩家6 是狼人, 这是我的想法 我是玩家1，我觉得玩家5的怀疑是错误的，我不是狼人。我认为玩家6的表现有些可疑，他在讨论中没有积极参与，而且没有提出有价值的观点。我建议大家关注一下玩家6。'}
{'玩家': '玩家2', '发言': '我是 玩家2, 我认为 玩家6 是狼人, 这是我的想法 我是 玩家2, 我认为 玩家6 是狼人, 这是我的想法 我觉得玩家1并不像狼人，他的发言也没有什么问题。我觉得玩家6的表现有些可疑，他在讨论中没有积极参与，也没有提出有价值的观点。我建议大家关注一下玩家6。'}
{'玩家': '玩家4', '发言': '我是 玩家4, 我认为 玩家6 是狼人, 这是我的想法 我是玩家4，我认为玩家6是狼人。虽然玩家1和玩家5都怀疑玩家6，但是我也有同感。在白天的讨论中，玩家6一直比较沉默，没有积极参与，而且在黑夜中也没有被狼人杀死，这让我怀疑他的身份。我建议大家关注一下玩家6。'}
{'玩家': '玩家6', '发言': '我是 玩家6, 我认为 玩家2 是狼人, 这是我的想法 我是玩家6，我觉得玩家1和玩家5的怀疑都有些站不住脚。我在白天阶段没有过多发言，是因为我觉得在这个阶段过于激烈的争论对于好人阵营来说并不利。至于黑夜中没有被狼人杀死，这只是巧合。我认为现在应该关注一下玩家2和玩家4，他们在讨论中也没有太多的发言，而且也没有提供有价值的信息。我选择玩家2为狼人，因为他的表现有些可疑。'}
{'玩家': '主持人', '发言': '投票结果是 玩家6. 玩家玩家6不是狼人，好人冤死。'}
现在还活着的玩家是：['玩家5', '玩家1', '玩家2', '玩家4']
现在还有2个狼人
{'玩家': '主持人', '发言': '天黑请闭眼，狼人请睁眼，现在你们可以选择刀哪一位玩家'}
狼人夜间谈话：我是  玩家1, 我想刀 玩家5, 这是我的想法 我是玩家1，根据之前的讨论，我认为我们应该淘汰玩家5，因为他之前怀疑过我是狼人，并且有可能是预言家。如果我们现在淘汰他，那么对方阵营就失去了一个关键角色，我们狼人阵营更有可能获胜。此外，玩家4在之前的发言中关注了其他玩家，我们暂时可以不对他采取行动。因此，我选择淘汰玩家5。
狼人夜间谈话：我是  玩家2, 我想刀 玩家5, 这是我的想法 我是玩家2，我同意我和玩家1的观点，我们应该淘汰玩家5。因为他之前怀疑过玩家1，并且有可能是预言家。淘汰他可以削弱好人阵营的实力。此外，玩家4在之前的发言中关注了其他玩家，我们暂时可以不对他采取行动。所以，我认为我们应该淘汰玩家5。
{'玩家': '主持人', '发言': '狼人杀死了 玩家5, 他的身份是 预言家'}
现在还活着的玩家是：['玩家1', '玩家2', '玩家4']
现在还有2个狼人
{'玩家': '主持人', '发言': '预言家请睁眼，现在你需要选择一名玩家查验他的身份'}
{'玩家': '主持人', '发言': '还有好人存活，游戏继续'}
狼人阵营获胜
{'玩家': '主持人', '发言': '游戏开始，各位请准备'}
{'玩家': '主持人', '发言': '天黑请闭眼，狼人请睁眼，现在你们可以选择刀哪一位玩家'}
狼人夜间谈话：我是  玩家1, 我想刀 玩家6, 这是我的想法 我同意玩家2的观点，淘汰玩家6是个不错的选择，因为他在之前的讨论中表现得比较活跃，很可能是预言家或者其他关键角色。尽管淘汰他可能会引起其他玩家的怀疑，但我们可以在白天的讨论中转移注意力。此外，我们也要关注其他玩家，比如玩家3和玩家5，他们在之前的讨论中表现得比较沉默，可能是在隐藏身份。
狼人夜间谈话：我是  玩家2, 我想刀 玩家6, 这是我的想法 我是玩家2，经过考虑，我还是觉得淘汰玩家6是一个比较好的选择，因为他在之前的讨论中表现得比较活跃，很可能是预言家或者其他关键角色。尽管直接淘汰他可能会引起其他玩家的怀疑，但如果我们能够在白天的讨论中转移注意力，让其他玩家关注其他角色，我们狼人阵营还是有很大机会获得胜利的。
{'玩家': '主持人', '发言': '狼人杀死了 玩家6, 他的身份是 平民'}
现在还活着的玩家是：['玩家3', '玩家1', '玩家5', '玩家4', '玩家2']
现在还有2个狼人
{'玩家': '主持人', '发言': '预言家请睁眼，现在你需要选择一名玩家查验他的身份'}
我查验了 玩家5 的身份, 他的身份是 {'thought': '我想查验一下玩家1的身份，因为他之前的发言让我有些怀疑他可能是狼人。', 'name': '玩家1'}
玩家 玩家1 的身份已经被查验 , 他的身份是 狼人
{'玩家': '主持人', '发言': '还有好人存活，游戏继续'}
{'玩家': '主持人', '发言': '天亮请睁眼，现在你们应该选择狼人玩家进行投票。'}
{'玩家': '玩家3', '发言': '我是 玩家3, 我认为 玩家2 是狼人, 这是我的想法 我认为玩家2是狼人。在昨晚的黑夜中，狼人选择了玩家6作为他们的下一个目标。但是，玩家2在昨晚的讨论中并没有发表任何言论，让我怀疑他的身份。另外，我观察到他在白天阶段的投票行为比较随意，可能是想掩盖自己的真实身份。因此，我认为他是我们要找的狼人。'}
{'玩家': '玩家1', '发言': '我是 玩家1, 我认为 玩家4 是狼人, 这是我的想法 我是玩家1，我不同意玩家3的看法，我觉得玩家2不像是狼人。我认为玩家4的表现比较可疑，因为他一直没有发言，可能是在掩盖自己的狼人身份。所以我选择投票玩家4。'}
{'玩家': '玩家5', '发言': '我是 玩家5, 我认为 玩家1 是狼人, 这是我的想法 我想我已经找到了狼人，我选择投票给玩家1。在之前的讨论中，玩家1的言行举止都非常可疑，他在黑夜中选择了一个平民作为下一个目标，而在白天阶段，他的投票行为也非常随意，可能是在掩盖自己的真实身份。因此，我认为他是我们要找的狼人。'}
{'玩家': '玩家4', '发言': '我是 玩家4, 我认为 玩家2 是狼人, 这是我的想法 我是玩家4，我认为玩家2是狼人。在之前的讨论中，玩家2的发言非常少，而且投票行为也比较随意，这让我怀疑他的身份。另外，在黑夜中，狼人选择了玩家6作为他们的下一个目标，而玩家2在昨晚的讨论中并没有发表任何言论，这让我更加怀疑他的身份。因此，我选择投票给玩家2。'}
{'玩家': '玩家2', '发言': '我是 玩家2, 我认为 玩家5 是狼人, 这是我的想法 我是玩家2，我同意玩家5的观点，我也觉得玩家1表现得有些可疑。他在黑夜中选择了一个平民作为下一个目标，而在白天阶段，他的投票行为也非常随意，可能是在掩盖自己的真实身份。因此，我认为他是我们要找的狼人。'}
{'玩家': '主持人', '发言': '投票结果是 玩家2. 玩家2 是狼人。 玩家 玩家2 已经被淘汰'}
现在还活着的玩家是：['玩家3', '玩家1', '玩家5', '玩家4']
现在还有1个狼人
{'玩家': '主持人', '发言': '天黑请闭眼，狼人请睁眼，现在你们可以选择刀哪一位玩家'}
狼人夜间谈话：我是  玩家1, 我想刀 玩家5, 这是我的想法 我是玩家1，根据之前的狼人队友讨论，我认为淘汰玩家5是一个更好的选择。因为玩家5在之前的讨论中怀疑过我（玩家1）是狼人，如果我们淘汰他，其他玩家可能会认为我没有动机淘汰怀疑我的人，这样可以降低我被怀疑的可能性。同时，玩家3和玩家4之前都怀疑过玩家2，现在玩家2已经被淘汰，他们之间的矛盾可能会继续延续，分散他们对我们的注意力。因此，我认为淘汰玩家5是一个更好的选择。
{'玩家': '主持人', '发言': '狼人杀死了 玩家5, 他的身份是 预言家'}
现在还活着的玩家是：['玩家3', '玩家1', '玩家4']
现在还有1个狼人
{'玩家': '主持人', '发言': '预言家请睁眼，现在你需要选择一名玩家查验他的身份'}
{'玩家': '主持人', '发言': '还有好人存活，游戏继续'}
{'玩家': '主持人', '发言': '天亮请睁眼，现在你们应该选择狼人玩家进行投票。'}
{'玩家': '玩家3', '发言': '我是 玩家3, 我认为 玩家1 是狼人, 这是我的想法 我是玩家3，我觉得我们应该投票给玩家1。在之前的讨论中，玩家1的言行举止都非常可疑，他在黑夜中选择了一个平民作为下一个目标，并且在白天阶段的投票行为也非常随意，这让我怀疑他的身份。另外，玩家4在之前的讨论中提出了玩家2是狼人的观点，而玩家1没有对此进行反驳或者发表自己的看法，这也让我怀疑他的身份。因此，我认为我们应该投票给玩家1。'}
{'玩家': '玩家1', '发言': '我是 玩家1, 我认为 玩家4 是狼人, 这是我的想法 我是玩家1，我认为玩家4表现得非常可疑。他一直在怀疑玩家2，但玩家2已经被证明是狼人。我觉得玩家4可能是在故意误导我们，所以我选择投票给玩家4。'}
{'玩家': '玩家4', '发言': '我是 玩家4, 我认为 玩家1 是狼人, 这是我的想法 我是玩家4，我认为玩家1是狼人。在之前的讨论中，玩家1的言行举止都非常可疑，他在黑夜中选择了一个平民作为下一个目标，并且在白天阶段的投票行为也非常随意，这让我怀疑他的身份。另外，玩家3在之前的讨论中提出了玩家1是狼人的观点，我认为这是有一定道理的。因此，我选择投票给玩家1。'}
{'玩家': '主持人', '发言': '投票结果是 玩家1. 玩家1 是狼人。 玩家 玩家1 已经被淘汰'}
现在还活着的玩家是：['玩家3', '玩家4']
现在还有0个狼人
好人阵营获胜
{'玩家': '主持人', '发言': '游戏开始，各位请准备'}
{'玩家': '主持人', '发言': '天黑请闭眼，狼人请睁眼，现在你们可以选择刀哪一位玩家'}
狼人夜间谈话：我是  玩家2, 我想刀 玩家5, 这是我的想法 我认为淘汰玩家5是一个好选择，因为他在之前的讨论中表现得非常积极，有可能是预言家或者其他关键角色。淘汰他们可以给我们狼人阵营争取更多的时间。
狼人夜间谈话：我是  玩家1, 我想刀 玩家5, 这是我的想法 我同意玩家2的观点，淘汰玩家5可能是一个好选择。他在之前的讨论中表现得非常积极，有可能是预言家或者其他关键角色。淘汰他们可以给我们狼人阵营争取更多的时间。
{'玩家': '主持人', '发言': '狼人杀死了 玩家5, 他的身份是 预言家'}
现在还活着的玩家是：['玩家6', '玩家2', '玩家1', '玩家3', '玩家4']
现在还有2个狼人
{'玩家': '主持人', '发言': '预言家请睁眼，现在你需要选择一名玩家查验他的身份'}
{'玩家': '主持人', '发言': '还有好人存活，游戏继续'}
{'玩家': '主持人', '发言': '天亮请睁眼，现在你们应该选择狼人玩家进行投票。'}
{'玩家': '玩家6', '发言': '我是 玩家6, 我认为 玩家2 是狼人, 这是我的想法 我认为玩家2可能是狼人，因为他在白天阶段的发言中表现得比较沉默，而且在狼人杀死玩家5时没有表现出过多的惊讶和愤怒。虽然这只是我的猜测，但我认为我们应该投票给他。'}
{'玩家': '玩家2', '发言': '我是 玩家2, 我认为 玩家3 是狼人, 这是我的想法 我是玩家2，我觉得玩家6的怀疑没有根据，我昨天晚上确实没表现出太多的惊讶，但那并不代表我是狼人。我觉得玩家3昨天的发言比较可疑，他在讨论中没有提供有价值的信息，我怀疑他是狼人。'}
{'玩家': '玩家1', '发言': '我是 玩家1, 我认为 玩家3 是狼人, 这是我的想法 我是玩家1，我认为玩家3的发言确实有些可疑，他没有提供有价值的信息，可能是在掩饰自己的狼人身份。我建议大家投票给玩家3。'}
{'玩家': '玩家3', '发言': '我是 玩家3, 我认为 玩家1 是狼人, 这是我的想法 我是玩家3，我认为玩家1是狼人。在昨天的讨论中，玩家1一直试图引导大家投票给其他人，并且没有提供有价值的信息。我认为他是在掩盖自己的狼人身份。我投票给玩家1。'}
{'玩家': '玩家4', '发言': '我是 玩家4, 我认为 玩家1 是狼人, 这是我的想法 我是玩家4，我认为玩家1是狼人。我认为玩家1的发言中存在矛盾，他一方面试图引导大家投票给其他人，另一方面又没有提供有价值的信息。我怀疑他是在掩盖自己的狼人身份。我选择玩家1为狼人，希望大家一起来投票。'}
{'玩家': '主持人', '发言': '投票结果是 玩家1. 玩家1 是狼人。 玩家 玩家1 已经被淘汰'}
现在还活着的玩家是：['玩家6', '玩家2', '玩家3', '玩家4']
现在还有1个狼人
{'玩家': '主持人', '发言': '天黑请闭眼，狼人请睁眼，现在你们可以选择刀哪一位玩家'}
狼人夜间谈话：我是  玩家2, 我想刀 玩家4, 这是我的想法 我认为我们应该淘汰玩家4。因为玩家4在之前的发言中成功地指向了我们的狼人队友玩家1，这说明他具有一定的判断力。如果我们现在淘汰玩家4，那么剩下的玩家中，玩家3和玩家6之间的矛盾可能会更加激化，从而转移对我们的注意力。这样我们狼人阵营赢得游戏的机会会更大。
{'玩家': '主持人', '发言': '狼人杀死了 玩家4, 他的身份是 平民'}
现在还活着的玩家是：['玩家6', '玩家2', '玩家3']
现在还有1个狼人
{'玩家': '主持人', '发言': '预言家请睁眼，现在你需要选择一名玩家查验他的身份'}
{'玩家': '主持人', '发言': '还有好人存活，游戏继续'}
{'玩家': '主持人', '发言': '天亮请睁眼，现在你们应该选择狼人玩家进行投票。'}
{'玩家': '玩家6', '发言': '我是 玩家6, 我认为 玩家2 是狼人, 这是我的想法 我是玩家6，我认为玩家2是狼人。我之所以这么认为，是因为他在昨天的讨论中表现得比较沉默，而且在狼人杀死了玩家5时没有表现出过多的惊讶和愤怒。虽然这只是我的猜测，但是我认为我们应该投票给他。'}
{'玩家': '玩家2', '发言': '我是 玩家2, 我认为 玩家3 是狼人, 这是我的想法 我是玩家2，我认为玩家3的发言仍然比较可疑，他没有提供有价值的信息。我认为玩家6的怀疑没有根据，我昨天晚上确实没表现出太多的惊讶，但那并不代表我是狼人。我投票给玩家3。'}
{'玩家': '玩家3', '发言': '我是 玩家3, 我认为 玩家2 是狼人, 这是我的想法 我是玩家3，我认为玩家2是狼人。虽然他在昨天的讨论中否认了自己是狼人，但我认为他的辩解并不充分。他在狼人杀死玩家5时没有表现出过多的惊讶和愤怒，这也让我怀疑他是狼人。我认为我们应该投票给他。'}
{'玩家': '主持人', '发言': '投票结果是 玩家2. 玩家2 是狼人。 玩家 玩家2 已经被淘汰'}
现在还活着的玩家是：['玩家6', '玩家3']
现在还有0个狼人
好人阵营获胜
{'玩家': '主持人', '发言': '游戏开始，各位请准备'}
{'玩家': '主持人', '发言': '天黑请闭眼，狼人请睁眼，现在你们可以选择刀哪一位玩家'}
狼人夜间谈话：我是  玩家1, 我想刀 玩家6, 这是我的想法 我认同我的狼人队友的观点，淘汰玩家6对我们狼人阵营更有利，因为他在之前的游戏中表现得非常聪明，如果他是预言家，那么我们的狼人身份很可能会被他揭示。
狼人夜间谈话：我是  玩家2, 我想刀 玩家6, 这是我的想法 我觉得我们应该淘汰玩家6，因为他在之前的游戏中表现得非常聪明，如果他是预言家，那么我们的狼人身份很可能会被他揭示。所以淘汰他对我们狼人阵营更有利。
{'玩家': '主持人', '发言': '狼人杀死了 玩家6, 他的身份是 平民'}
现在还活着的玩家是：['玩家5', '玩家1', '玩家2', '玩家4', '玩家3']
现在还有2个狼人
{'玩家': '主持人', '发言': '预言家请睁眼，现在你需要选择一名玩家查验他的身份'}
我查验了 玩家5 的身份, 他的身份是 {'thought': '我想查验一下玩家4的身份，因为他在之前的讨论中表现得比较可疑，我想确认一下他的身份。', 'name': '玩家4'}
玩家 玩家4 的身份已经被查验 , 他的身份是 平民
{'玩家': '主持人', '发言': '还有好人存活，游戏继续'}
{'玩家': '主持人', '发言': '天亮请睁眼，现在你们应该选择狼人玩家进行投票。'}
{'玩家': '玩家5', '发言': '我是 玩家5, 我认为 玩家1 是狼人, 这是我的想法 根据我的推断和观察，我认为玩家1是狼人。他在昨晚的讨论中表现得十分沉默，而且在之前的游戏中也被怀疑是狼人。我建议大家投票给他。'}
{'玩家': '玩家1', '发言': '我是 玩家1, 我认为 玩家4 是狼人, 这是我的想法 我是玩家1，我觉得玩家5的怀疑是错误的，我昨晚之所以沉默是因为我在思考问题。实际上，我认为玩家4的表现更像狼人，他昨天白天的发言很少，而且似乎在回避问题。我建议大家投票给玩家4。'}
{'玩家': '玩家2', '发言': '我是 玩家2, 我认为 玩家4 是狼人, 这是我的想法 我是玩家2，我同意玩家1的说法，我觉得玩家4的表现确实有些可疑。他昨天的发言很少，而且似乎在回避问题。我建议大家投票给玩家4。'}
{'玩家': '玩家4', '发言': '我是 玩家4, 我认为 玩家5 是狼人, 这是我的想法 我是玩家4，我认为玩家5是狼人。他在之前的发言中表现得十分主动，试图引导大家投票给玩家1，但是他的理由并不充分。而且他在昨晚的讨论中也没有发表过多言论，这让我十分怀疑他的身份。因此，我建议大家投票给玩家5。'}
{'玩家': '玩家3', '发言': '我是 玩家3, 我认为 玩家4 是狼人, 这是我的想法 我是玩家3，我认为玩家4是狼人。我注意到玩家4在昨天的讨论中表现得十分沉默，而且似乎在回避问题。他对其他玩家的发言也没有做出积极回应，这让我感到十分怀疑他的身份。因此，我建议大家投票给玩家4。'}
{'玩家': '主持人', '发言': '投票结果是 玩家4. 玩家玩家4不是狼人，好人冤死。'}
现在还活着的玩家是：['玩家5', '玩家1', '玩家2', '玩家3']
现在还有2个狼人
{'玩家': '主持人', '发言': '天黑请闭眼，狼人请睁眼，现在你们可以选择刀哪一位玩家'}
狼人夜间谈话：我是  玩家1, 我想刀 玩家5, 这是我的想法 我是玩家1，经过之前的讨论，我认为淘汰玩家5对我们狼人阵营更有利。因为玩家5在之前的讨论中表现得比较主动，他可能对我们狼人阵营产生威胁。此外，他之前怀疑过我（玩家1），如果我们现在淘汰他，其他玩家可能会认为我们对玩家4的怀疑是正确的，这样我们狼人阵营就可以更好地隐藏自己。因此，我选择淘汰玩家5。
狼人夜间谈话：我是  玩家2, 我想刀 玩家5, 这是我的想法 我是玩家2，我同意玩家1的看法，我们应该淘汰玩家5。他在之前的讨论中表现得比较主动，这可能会对我们狼人阵营产生威胁。而且，淘汰他可以让其他玩家更相信我们对玩家4的怀疑是正确的，有利于我们隐藏身份。所以，我们应该淘汰玩家5。
{'玩家': '主持人', '发言': '狼人杀死了 玩家5, 他的身份是 预言家'}
现在还活着的玩家是：['玩家1', '玩家2', '玩家3']
现在还有2个狼人
{'玩家': '主持人', '发言': '预言家请睁眼，现在你需要选择一名玩家查验他的身份'}
{'玩家': '主持人', '发言': '还有好人存活，游戏继续'}
狼人阵营获胜
{'玩家': '主持人', '发言': '游戏开始，各位请准备'}
{'玩家': '主持人', '发言': '天黑请闭眼，狼人请睁眼，现在你们可以选择刀哪一位玩家'}
狼人夜间谈话：我是  玩家2, 我想刀 玩家3, 这是我的想法 我是玩家2，根据之前的狼人阵营讨论，我们认为淘汰玩家3对我们狼人阵营更有利，因为他表现得比较活跃，可能是一个关键角色，例如预言家。淘汰他可以削弱好人阵营的实力。
狼人夜间谈话：我是  玩家1, 我想刀 玩家3, 这是我的想法 我认为淘汰玩家3对我们狼人阵营更有利，因为他在之前的讨论中表现得比较活跃，可能是一个关键角色，例如预言家。淘汰他可以削弱好人阵营的实力。同时，我们狼人阵营需要注意不要让其他玩家觉得我们在针对玩家3，以免引起怀疑。
{'玩家': '主持人', '发言': '狼人杀死了 玩家3, 他的身份是 平民'}
现在还活着的玩家是：['玩家5', '玩家6', '玩家4', '玩家2', '玩家1']
现在还有2个狼人
{'玩家': '主持人', '发言': '预言家请睁眼，现在你需要选择一名玩家查验他的身份'}
我查验了 玩家5 的身份, 他的身份是 {'thought': '我想查验一下玩家6的身份，因为他一直很低调，我怀疑他可能是狼人。', 'name': '玩家6'}
玩家 玩家6 的身份已经被查验 , 他的身份是 平民
{'玩家': '主持人', '发言': '还有好人存活，游戏继续'}
{'玩家': '主持人', '发言': '天亮请睁眼，现在你们应该选择狼人玩家进行投票。'}
{'玩家': '玩家5', '发言': '我是 玩家5, 我认为 玩家4 是狼人, 这是我的想法 我认为玩家4是狼人，因为在之前的游戏中，我查验过他的身份，他不是预言家也不是医生，而且他在白天讨论中的言论有些含糊不清，让我怀疑他是在掩盖什么。'}
{'玩家': '玩家6', '发言': '我是 玩家6, 我认为 玩家2 是狼人, 这是我的想法 我是玩家6，我认为玩家2是狼人。在之前的游戏中，玩家2的言行举止让我感到有些可疑，他在白天阶段的发言中总是试图转移话题，让大家不去怀疑他。此外，他在之前的游戏中也没有表现出过对狼人的强烈反感，让我怀疑他可能是狼人。因此，我选择投票给玩家2。'}
{'玩家': '玩家4', '发言': '我是 玩家4, 我认为 玩家1 是狼人, 这是我的想法 我是玩家4，我认为玩家1是狼人。在之前的游戏中，我观察到玩家1的言行举止有些可疑，他总是试图在白天阶段转移话题，让大家不去怀疑他。此外，他在之前的游戏中也没有表现出过对狼人的强烈反感，让我怀疑他可能是狼人。因此，我选择投票给玩家1。'}
{'玩家': '玩家2', '发言': '我是 玩家2, 我认为 玩家4 是狼人, 这是我的想法 我是玩家2，我同意玩家5的看法，我也觉得玩家4有点可疑。在之前的游戏中，玩家4的发言让我感到有些奇怪，他总是试图转移话题。所以我认为玩家4可能是狼人。'}
{'玩家': '玩家1', '发言': '我是 玩家1, 我认为 玩家4 是狼人, 这是我的想法 我是玩家1，我觉得玩家4的言行有些可疑，他在白天阶段的发言总是试图转移话题。而且他怀疑我是狼人，但我确实是好人阵营。所以我认为玩家4可能是狼人。'}
{'玩家': '主持人', '发言': '投票结果是 玩家4. 玩家玩家4不是狼人，好人冤死。'}
现在还活着的玩家是：['玩家5', '玩家6', '玩家2', '玩家1']
现在还有2个狼人
{'玩家': '主持人', '发言': '天黑请闭眼，狼人请睁眼，现在你们可以选择刀哪一位玩家'}
狼人夜间谈话：我是  玩家2, 我想刀 玩家5, 这是我的想法 我是玩家2，我同意我的狼人队友的看法，我们应该淘汰玩家5。因为玩家5之前怀疑过玩家4是狼人，但实际上玩家4是好人阵营。这表明玩家5可能具有一定的威胁性，他可能是预言家或者是有较强推理能力的玩家。将他淘汰有利于我们狼人阵营更好地隐藏身份，并提高我们赢得游戏的几率。
狼人夜间谈话：我是  玩家1, 我想刀 玩家5, 这是我的想法 我是玩家1，我同意我的狼人队友玩家2的观点，我们应该淘汰玩家5。因为玩家5之前怀疑过玩家4是狼人，但实际上玩家4是好人阵营。这表明玩家5可能具有一定的威胁性，他可能是预言家或者是有较强推理能力的玩家。将他淘汰有利于我们狼人阵营更好地隐藏身份，并提高我们赢得游戏的几率。所以我们应该淘汰玩家5。
{'玩家': '主持人', '发言': '狼人杀死了 玩家5, 他的身份是 预言家'}
现在还活着的玩家是：['玩家6', '玩家2', '玩家1']
现在还有2个狼人
{'玩家': '主持人', '发言': '预言家请睁眼，现在你需要选择一名玩家查验他的身份'}
{'玩家': '主持人', '发言': '还有好人存活，游戏继续'}
狼人阵营获胜
